<?xml version="1.0" encoding="UTF-8"?>
<testsuite xmlns:xsi="http://www.w3.org/2001/XMLSchema-instance" xsi:noNamespaceSchemaLocation="https://maven.apache.org/surefire/maven-surefire-plugin/xsd/surefire-test-report-3.0.xsd" version="3.0" name="testRunner.Runner" time="24.033" tests="4" errors="0" skipped="0" failures="0">
  <properties>
[...]
</properties>
  <testcase name="Given Open chrome and navigate to url &quot;https://www.rgare.com&quot;" classname="Scenario: Navigate to rga home page and validate page title" time="0.004"/>
  <testcase name="When validate page for title &quot;Reinsurance Group of America Home&quot;" classname="Scenario: Navigate to rga home page and validate page title" time="0"/>
  <testcase name="Then I close browser" classname="Scenario: Navigate to rga home page and validate page title" time="0"/>
  <testcase name="Scenario: Navigate to rga home page and validate page title" classname="Scenario: Navigate to rga home page and validate page title" time="0.001"/>
</testsuite>